# JRE version: Java(TM) SE Runtime Environment (8.0_144-b01) (build 1.8.0_144-b01)
# Java VM: Java HotSpot(TM) Client VM (25.144-b01 mixed mode windows-x86 )
Heap:
 def new generation   total 157248K, used 155210K [0x07800000, 0x122a0000, 0x122a0000)
  eden space 139776K, 100% used [0x07800000, 0x10080000, 0x10080000)
  from space 17472K,  88% used [0x11190000, 0x120a2868, 0x122a0000)
  to   space 17472K,   0% used [0x10080000, 0x10080000, 0x11190000)
 tenured generation   total 349568K, used 349540K [0x122a0000, 0x27800000, 0x27800000)
   the space 349568K,  99% used [0x122a0000, 0x277f91d0, 0x277f9200, 0x27800000)
 Metaspace       used 19450K, capacity 19899K, committed 20096K, reserved 20864K
GC Heap History (10 events):
Event: 10830.355 GC heap after
Heap after GC invocations=9649 (full 7450):
 def new generation   total 157248K, used 149346K [0x07800000, 0x122a0000, 0x122a0000)
  eden space 139776K,  99% used [0x07800000, 0x1007ffe8, 0x10080000)
  from space 17472K,  54% used [0x11190000, 0x11ae8908, 0x122a0000)
  to   space 17472K,   0% used [0x10080000, 0x10080000, 0x11190000)
 tenured generation   total 349568K, used 349540K [0x122a0000, 0x27800000, 0x27800000)
   the space 349568K,  99% used [0x122a0000, 0x277f91d0, 0x277f9200, 0x27800000)
 Metaspace       used 19450K, capacity 19899K, committed 20096K, reserved 20864K
}
Event: 10830.360 GC heap before
{Heap before GC invocations=9649 (full 7450):
 def new generation   total 157248K, used 155207K [0x07800000, 0x122a0000, 0x122a0000)
  eden space 139776K,  99% used [0x07800000, 0x1007fff8, 0x10080000)
  from space 17472K,  88% used [0x11190000, 0x120a1d78, 0x122a0000)
  to   space 17472K,   0% used [0x10080000, 0x10080000, 0x11190000)
 tenured generation   total 349568K, used 349540K [0x122a0000, 0x27800000, 0x27800000)
   the space 349568K,  99% used [0x122a0000, 0x277f91d0, 0x277f9200, 0x27800000)
 Metaspace       used 19450K, capacity 19899K, committed 20096K, reserved 20864K
Event: 10831.225 GC heap after
Heap after GC invocations=9650 (full 7451):
 def new generation   total 157248K, used 149337K [0x07800000, 0x122a0000, 0x122a0000)
  eden space 139776K,  99% used [0x07800000, 0x1007ffc0, 0x10080000)
  from space 17472K,  54% used [0x11190000, 0x11ae6680, 0x122a0000)
  to   space 17472K,   0% used [0x10080000, 0x10080000, 0x11190000)
 tenured generation   total 349568K, used 349540K [0x122a0000, 0x27800000, 0x27800000)
   the space 349568K,  99% used [0x122a0000, 0x277f91d0, 0x277f9200, 0x27800000)
 Metaspace       used 19450K, capacity 19899K, committed 20096K, reserved 20864K
}
Event: 10831.231 GC heap before
{Heap before GC invocations=9650 (full 7451):
 def new generation   total 157248K, used 155204K [0x07800000, 0x122a0000, 0x122a0000)
  eden space 139776K, 100% used [0x07800000, 0x10080000, 0x10080000)
  from space 17472K,  88% used [0x11190000, 0x120a1000, 0x122a0000)
  to   space 17472K,   0% used [0x10080000, 0x10080000, 0x11190000)
 tenured generation   total 349568K, used 349540K [0x122a0000, 0x27800000, 0x27800000)
   the space 349568K,  99% used [0x122a0000, 0x277f91d0, 0x277f9200, 0x27800000)
 Metaspace       used 19450K, capacity 19899K, committed 20096K, reserved 20864K
Event: 10832.163 GC heap after
Heap after GC invocations=9651 (full 7452):
 def new generation   total 157248K, used 149348K [0x07800000, 0x122a0000, 0x122a0000)
  eden space 139776K,  99% used [0x07800000, 0x1007ffc0, 0x10080000)
  from space 17472K,  54% used [0x11190000, 0x11ae9428, 0x122a0000)
  to   space 17472K,   0% used [0x10080000, 0x10080000, 0x11190000)
 tenured generation   total 349568K, used 349540K [0x122a0000, 0x27800000, 0x27800000)
   the space 349568K,  99% used [0x122a0000, 0x277f91d0, 0x277f9200, 0x27800000)
 Metaspace       used 19450K, capacity 19899K, committed 20096K, reserved 20864K
}
Event: 10832.168 GC heap before
{Heap before GC invocations=9651 (full 7452):
 def new generation   total 157248K, used 155207K [0x07800000, 0x122a0000, 0x122a0000)
  eden space 139776K, 100% used [0x07800000, 0x10080000, 0x10080000)
  from space 17472K,  88% used [0x11190000, 0x120a1e60, 0x122a0000)
  to   space 17472K,   0% used [0x10080000, 0x10080000, 0x11190000)
 tenured generation   total 349568K, used 349540K [0x122a0000, 0x27800000, 0x27800000)
   the space 349568K,  99% used [0x122a0000, 0x277f91d0, 0x277f9200, 0x27800000)
 Metaspace       used 19450K, capacity 19899K, committed 20096K, reserved 20864K
Event: 10833.031 GC heap after
Heap after GC invocations=9652 (full 7453):
 def new generation   total 157248K, used 149348K [0x07800000, 0x122a0000, 0x122a0000)
  eden space 139776K,  99% used [0x07800000, 0x1007ffc0, 0x10080000)
  from space 17472K,  54% used [0x11190000, 0x11ae9050, 0x122a0000)
  to   space 17472K,   0% used [0x10080000, 0x10080000, 0x11190000)
 tenured generation   total 349568K, used 349540K [0x122a0000, 0x27800000, 0x27800000)
   the space 349568K,  99% used [0x122a0000, 0x277f91d0, 0x277f9200, 0x27800000)
 Metaspace       used 19450K, capacity 19899K, committed 20096K, reserved 20864K
}
Event: 10833.036 GC heap before
{Heap before GC invocations=9652 (full 7453):
 def new generation   total 157248K, used 155198K [0x07800000, 0x122a0000, 0x122a0000)
  eden space 139776K, 100% used [0x07800000, 0x10080000, 0x10080000)
  from space 17472K,  88% used [0x11190000, 0x1209f9e0, 0x122a0000)
  to   space 17472K,   0% used [0x10080000, 0x10080000, 0x11190000)
 tenured generation   total 349568K, used 349540K [0x122a0000, 0x27800000, 0x27800000)
   the space 349568K,  99% used [0x122a0000, 0x277f91d0, 0x277f9200, 0x27800000)
 Metaspace       used 19450K, capacity 19899K, committed 20096K, reserved 20864K
Event: 10833.890 GC heap after
Heap after GC invocations=9653 (full 7454):
 def new generation   total 157248K, used 149348K [0x07800000, 0x122a0000, 0x122a0000)
  eden space 139776K,  99% used [0x07800000, 0x1007ffc0, 0x10080000)
  from space 17472K,  54% used [0x11190000, 0x11ae9238, 0x122a0000)
  to   space 17472K,   0% used [0x10080000, 0x10080000, 0x11190000)
 tenured generation   total 349568K, used 349540K [0x122a0000, 0x27800000, 0x27800000)
   the space 349568K,  99% used [0x122a0000, 0x277f91d0, 0x277f9200, 0x27800000)
 Metaspace       used 19450K, capacity 19899K, committed 20096K, reserved 20864K
}
Event: 10833.895 GC heap before
{Heap before GC invocations=9653 (full 7454):
 def new generation   total 157248K, used 155210K [0x07800000, 0x122a0000, 0x122a0000)
  eden space 139776K, 100% used [0x07800000, 0x10080000, 0x10080000)
  from space 17472K,  88% used [0x11190000, 0x120a2868, 0x122a0000)
  to   space 17472K,   0% used [0x10080000, 0x10080000, 0x11190000)
 tenured generation   total 349568K, used 349540K [0x122a0000, 0x27800000, 0x27800000)
   the space 349568K,  99% used [0x122a0000, 0x277f91d0, 0x277f9200, 0x27800000)
 Metaspace       used 19450K, capacity 19899K, committed 20096K, reserved 20864K

